c:\users\alejandra\source\repos\pluma\debug\pluma windows.pch
c:\users\alejandra\source\repos\pluma\debug\vc141.pdb
c:\users\alejandra\source\repos\pluma\debug\vc141.idb
c:\users\alejandra\source\repos\pluma\debug\pch.obj
c:\users\alejandra\source\repos\pluma\debug\pluma.obj
c:\users\alejandra\source\repos\pluma\debug\main.obj
c:\users\alejandra\source\repos\pluma\debug\r.obj
c:\users\alejandra\source\repos\pluma\debug\py.obj
c:\users\alejandra\source\repos\pluma\debug\perl.obj
c:\users\alejandra\source\repos\pluma\debug\language.obj
c:\users\alejandra\source\repos\pluma\debug\compiled.obj
c:\users\alejandra\source\repos\pluma\debug\win32-glob.obj
c:\users\alejandra\source\repos\pluma\debug\pluma windows.exe
c:\users\alejandra\source\repos\pluma\debug\pluma windows.ilk
c:\users\alejandra\source\repos\pluma\debug\pluma windows.pdb
c:\users\alejandra\source\repos\pluma\debug\pluma windows.tlog\cl.command.1.tlog
c:\users\alejandra\source\repos\pluma\debug\pluma windows.tlog\cl.read.1.tlog
c:\users\alejandra\source\repos\pluma\debug\pluma windows.tlog\cl.write.1.tlog
c:\users\alejandra\source\repos\pluma\debug\pluma windows.tlog\link.command.1.tlog
c:\users\alejandra\source\repos\pluma\debug\pluma windows.tlog\link.read.1.tlog
c:\users\alejandra\source\repos\pluma\debug\pluma windows.tlog\link.write.1.tlog
