c:\users\adrie\desktop\capstoneii\pluma\release\pluma.pch
c:\users\adrie\desktop\capstoneii\pluma\release\vc142.pdb
c:\users\adrie\desktop\capstoneii\pluma\release\pch.obj
c:\users\adrie\desktop\capstoneii\pluma\release\pluma.obj
c:\users\adrie\desktop\capstoneii\pluma\release\main.obj
c:\users\adrie\desktop\capstoneii\pluma\release\r.obj
c:\users\adrie\desktop\capstoneii\pluma\release\py.obj
c:\users\adrie\desktop\capstoneii\pluma\release\perl.obj
c:\users\adrie\desktop\capstoneii\pluma\release\language.obj
c:\users\adrie\desktop\capstoneii\pluma\release\compiled.obj
c:\users\adrie\desktop\capstoneii\pluma\release\win32-glob.obj
c:\users\adrie\desktop\capstoneii\pluma\pluma.exe
c:\users\adrie\desktop\capstoneii\pluma\pluma.pdb
c:\users\adrie\desktop\capstoneii\pluma\pluma.ipdb
c:\users\adrie\desktop\capstoneii\pluma\pluma.iobj
c:\users\adrie\desktop\capstoneii\pluma\release\pluma windows.tlog\cl.command.1.tlog
c:\users\adrie\desktop\capstoneii\pluma\release\pluma windows.tlog\cl.read.1.tlog
c:\users\adrie\desktop\capstoneii\pluma\release\pluma windows.tlog\cl.write.1.tlog
c:\users\adrie\desktop\capstoneii\pluma\release\pluma windows.tlog\link.command.1.tlog
c:\users\adrie\desktop\capstoneii\pluma\release\pluma windows.tlog\link.read.1.tlog
c:\users\adrie\desktop\capstoneii\pluma\release\pluma windows.tlog\link.write.1.tlog
c:\users\adrie\desktop\capstoneii\pluma\release\pluma windows.tlog\pluma windows.write.1u.tlog
